<?xml version="1.0" encoding="UTF-8"?>
<beans xmlns="http://www.springframework.org/schema/beans"
	xmlns:xsi="http://www.w3.org/2001/XMLSchema-instance"
	xmlns:aop="http://www.springframework.org/schema/aop"
	xmlns:tx="http://www.springframework.org/schema/tx"
	xmlns:util="http://www.springframework.org/schema/util"
	xsi:schemaLocation="
       http://www.springframework.org/schema/beans http://www.springframework.org/schema/beans/spring-beans-3.0.xsd
       http://www.springframework.org/schema/tx http://www.springframework.org/schema/tx/spring-tx-3.0.xsd
       http://www.springframework.org/schema/aop http://www.springframework.org/schema/aop/spring-aop-3.0.xsd
       http://www.springframework.org/schema/util http://www.springframework.org/schema/util/spring-util.xsd">
	
	<!-- Turn on Spring's autoproxy using AspectJ's @Aspect annotations. -->
	<aop:aspectj-autoproxy />
	
	<import resource="stack-configuration.spb.xml" />

	<bean id="awsSNSClient" class="org.sagebionetworks.aws.AwsClientFactory"
		factory-method="createAmazonSNSClient" scope="prototype"/>

	<bean id="awsSQSClient" class="org.sagebionetworks.aws.AwsClientFactory"
		factory-method="createAmazonSQSClient" scope="singleton" />

	<bean id="queueServiceDao" class="org.sagebionetworks.asynchronous.workers.sqs.QueueServiceDaoImpl">
	    <property name="maxSQSRequestSize" value="10"/>
	</bean>
	
	<!-- Setups a test message queue with associated dead letter queue. -->
	<bean id="testMessageQueue1"
			class="org.sagebionetworks.asynchronous.workers.sqs.MessageQueueImpl"
			depends-on="stackConfiguration">
		<constructor-arg index="0" value="testQ1" />
		<constructor-arg index="1" value="testTopic1" />
		<constructor-arg index="2">
			<list>
				<value>ENTITY</value>
			</list>
		</constructor-arg>
		<constructor-arg index="3" value="true" />
		<constructor-arg index="4" value="testQDeadLetter1" />
		<constructor-arg index="5" value="1" />
	</bean>

	<!-- Setups a test message queue without associated dead letter queue. -->
	<bean id="testMessageQueue2"
			class="org.sagebionetworks.asynchronous.workers.sqs.MessageQueueImpl"
			depends-on="stackConfiguration">
		<constructor-arg index="0" value="testQ2" />
		<constructor-arg index="1" value="testTopic2" />
		<constructor-arg index="2">
			<list>
				<value>ENTITY</value>
			</list>
		</constructor-arg>
		<constructor-arg index="3" value="true" />
	</bean>

</beans>