<?xml version="1.0" encoding="UTF-8"?>
<beans xmlns="http://www.springframework.org/schema/beans"
	xmlns:xsi="http://www.w3.org/2001/XMLSchema-instance" xmlns:context="http://www.springframework.org/schema/context"
	xsi:schemaLocation="
		                   http://www.springframework.org/schema/beans
		                   http://www.springframework.org/schema/beans/spring-beans-3.0.xsd
                           http://www.springframework.org/schema/context
                           http://www.springframework.org/schema/context/spring-context-3.0.xsd">

	<context:annotation-config />

	<import resource="classpath:shared-context.xml" />
	<import resource="classpath:singleton-servlet.xml" />

	<bean id="queueCleaner"
		class="org.sagebionetworks.workers.util.aws.message.QueueCleaner">
		<constructor-arg ref="awsSQSClient" />
	</bean>

	<bean id="testHelper"
		class="org.sagebionetworks.repo.web.controller.ServletTestHelper"
		scope="prototype" />
	<bean id="entityServletHelper"
		class="org.sagebionetworks.repo.web.controller.EntityServletTestHelper"
		scope="prototype" />

    <!--  We do not want to publish to the repository change topic while running test so we turn it off -->
	<bean id="stackConfiguration.shouldMessagesBePublishedToTopic" class="java.lang.Boolean">
	    <constructor-arg value="false" />
	</bean>
	
		<!-- Used to Serialize object types -->
	<bean id="objectTypeSerializer"
		class="org.sagebionetworks.repo.web.controller.ObjectTypeSerializerImpl" />
	
	<!-- We don't want to send emails during testing, so we stub out Amazon SES -->
	<bean id="amazonSESClient" class="org.sagebionetworks.repo.manager.StubAmazonSimpleEmailServiceClient" />
</beans>
