<?xml version="1.0" encoding="UTF-8"?>
<beans xmlns="http://www.springframework.org/schema/beans"
	xmlns:xsi="http://www.w3.org/2001/XMLSchema-instance"
	xmlns:context="http://www.springframework.org/schema/context"
	xmlns:util="http://www.springframework.org/schema/util"
	xsi:schemaLocation="
		                   http://www.springframework.org/schema/beans
		                   http://www.springframework.org/schema/beans/spring-beans-3.0.xsd
                           http://www.springframework.org/schema/context
                           http://www.springframework.org/schema/context/spring-context-3.0.xsd
                           http://www.springframework.org/schema/util http://www.springframework.org/schema/util/spring-util-3.0.xsd">

	<context:annotation-config />



	<import resource="classpath:jdomodels-import.xml" />
	<import resource="classpath:id-generator.spb.xml" />
	<import resource="classpath:table-cluster-spb.xml" />
	<import resource="classpath:upload-dao.spb.xml" />

	<bean id="googleCloudStorageClient" class="org.mockito.Mockito"
		factory-method="mock">
		<constructor-arg
			value="org.sagebionetworks.googlecloud.SynapseGoogleCloudStorageClientImpl" />
	</bean>

</beans>