<?xml version="1.0" encoding="UTF-8"?>
<beans xmlns="http://www.springframework.org/schema/beans"
	xmlns:xsi="http://www.w3.org/2001/XMLSchema-instance" xmlns:context="http://www.springframework.org/schema/context"
	xsi:schemaLocation="
		                   http://www.springframework.org/schema/beans
		                   http://www.springframework.org/schema/beans/spring-beans-3.0.xsd
                           http://www.springframework.org/schema/context
                           http://www.springframework.org/schema/context/spring-context-3.0.xsd">

	<context:annotation-config />

	<import resource="classpath:main-scheduler-spb.xml" />

	<bean id="dynamoQueueRemoverFactory"
		class="org.sagebionetworks.dynamo.workers.sqs.DynamoQueueRemoverFactory"
		scope="singleton" />

	<bean id="dynamoQueueMessageRemover"
		class="org.sagebionetworks.asynchronous.workers.sqs.MessageReceiverImpl"
		scope="singleton" depends-on="awsSQSClient">
		<property name="messageQueue" ref="dynamoMessageQueue" />
		<property name="workerFactory" ref="dynamoQueueRemoverFactory" />
		<property name="maxNumberOfWorkerThreads" value="1" />
		<property name="maxMessagePerWorker" value="10" />
		<property name="visibilityTimeoutSec" value="60" />
	</bean>

	<!-- Redefine the dynamo worker trigger for shorter intervals during tests -->
	<bean id="dynamoQueueMessageRetrieverTrigger"
			class="org.springframework.scheduling.quartz.SimpleTriggerBean"
			scope="singleton">
		<property name="jobDetail">
			<bean class="org.springframework.scheduling.quartz.MethodInvokingJobDetailFactoryBean">
				<property name="targetObject" ref="dynamoQueueMessageRetriever" />
				<property name="targetMethod" value="triggerFired" />
				<property name="concurrent" value="false" />
			</bean>
		</property>
		<property name="startDelay" value="0" />
		<property name="repeatInterval" value="200" />
	</bean>
	
	<!-- Redefine the unsent message queuer trigger for shorter intervals during tests -->
	<bean id="unsentMessageQueuerTrigger"
			class="org.springframework.scheduling.quartz.SimpleTriggerBean"
			scope="singleton">
		<property name="jobDetail">
			<bean class="org.springframework.scheduling.quartz.MethodInvokingJobDetailFactoryBean">
				<property name="targetObject" ref="unsentMessageQueuerSemaphoreGatedRunner" />
				<property name="targetMethod" value="attemptToRun" />
				<property name="concurrent" value="false" />
			</bean>
		</property>
		<property name="startDelay" value="0" />
		<!-- 10 seconds -->
		<property name="repeatInterval" value="10000" />
	</bean>

</beans>
