<?xml version="1.0" encoding="UTF-8"?>
<beans xmlns="http://www.springframework.org/schema/beans"
	xmlns:xsi="http://www.w3.org/2001/XMLSchema-instance" xmlns:context="http://www.springframework.org/schema/context"
	xsi:schemaLocation="
		                   http://www.springframework.org/schema/beans
		                   http://www.springframework.org/schema/beans/spring-beans-3.0.xsd
                           http://www.springframework.org/schema/context
                           http://www.springframework.org/schema/context/spring-context-3.0.xsd">

	<context:annotation-config />

	<import resource="classpath:main-scheduler-spb.xml" />

	<bean id="queueCleaner"
		class="org.sagebionetworks.workers.util.aws.message.QueueCleaner">
		<constructor-arg ref="awsSQSClient" />
	</bean>

	<!-- We don't want to send emails during testing, so we stub out Amazon SES -->
	<bean id="amazonSESClient" class="org.sagebionetworks.repo.manager.StubAmazonSimpleEmailServiceClient" />
	
	<bean id="asynchronousJobWorkerHelper" class="org.sagebionetworks.AsynchronousJobWorkerHelperImpl"/>
	
	<!--  During integration tests we do not want to scan partitions -->
	<bean id="athenaPartitionScannerWorker" class="org.sagebionetworks.athena.workers.AthenaPartitionScannerWorkerStub" />
	
	<!-- During the integration tests we do not want to run the status watcher worker -->
	<bean id="statisticsMonthlyStatusWatcherWorker" class="org.sagebionetworks.statistics.workers.StatisticsMonthlyStatusWatcherWorkerStub"></bean>

</beans>
