<?xml version="1.0" encoding="UTF-8"?>
<beans xmlns="http://www.springframework.org/schema/beans"
	xmlns:xsi="http://www.w3.org/2001/XMLSchema-instance" xmlns:aop="http://www.springframework.org/schema/aop"
	xmlns:tx="http://www.springframework.org/schema/tx" xmlns:util="http://www.springframework.org/schema/util"
	xmlns:context="http://www.springframework.org/schema/context"
	xsi:schemaLocation="
       http://www.springframework.org/schema/beans http://www.springframework.org/schema/beans/spring-beans-3.0.xsd
       http://www.springframework.org/schema/tx http://www.springframework.org/schema/tx/spring-tx-3.0.xsd
       http://www.springframework.org/schema/aop http://www.springframework.org/schema/aop/spring-aop-3.0.xsd
       http://www.springframework.org/schema/util http://www.springframework.org/schema/util/spring-util.xsd
       http://www.springframework.org/schema/context http://www.springframework.org/schema/context/spring-context-3.0.xsd">

	<!-- Turn on Spring's auotproxy using AspectJ's @Aspect annotations. -->
	<aop:aspectj-autoproxy />

	<import resource="log-sweeper.spb.xml" />
	<import resource="kinesis-spb.xml" />

	<bean id="logSweeperFactory" class="org.sagebionetworks.logging.s3.LogSweeperFactoryImpl"
		scope="singleton">
		<property name="lockExpiresMs" value="300000" />
		<property name="appendersToSweep">
			<list>
				<value>testAppender</value>
			</list>
		</property>
	</bean>
	
	<!-- Used only for testing kinesis delivery streams  -->
	<bean id="amazonAthenaClient" class="org.sagebionetworks.aws.AwsClientFactory"
		factory-method="createAmazonAthenaClient" scope="singleton" />

</beans>