<?xml version="1.0" encoding="UTF-8"?>
<beans xmlns="http://www.springframework.org/schema/beans"
	xmlns:xsi="http://www.w3.org/2001/XMLSchema-instance" xmlns:aop="http://www.springframework.org/schema/aop"
	xmlns:tx="http://www.springframework.org/schema/tx"
	xsi:schemaLocation="
       http://www.springframework.org/schema/beans http://www.springframework.org/schema/beans/spring-beans-3.0.xsd
       http://www.springframework.org/schema/tx http://www.springframework.org/schema/tx/spring-tx-3.0.xsd
       http://www.springframework.org/schema/aop http://www.springframework.org/schema/aop/spring-aop-3.0.xsd">

	<!-- Trun on Spring's auotproxy using AspectJ's @Aspect annotations. -->
	<aop:aspectj-autoproxy />
	
	<import resource="classpath:semaphore-spb.xml" />
	<import resource="stack-configuration.spb.xml" />
	
	<!-- This is serving as the JDBC connection pool -->
	<bean id="dataSourcePool" class="org.apache.commons.dbcp2.BasicDataSource" destroy-method="close" depends-on="stackConfiguration">
		<property name="driverClassName" ref="stackConfiguration.repositoryDatabaseDriver" />
		<property name="url" ref="stackConfiguration.repositoryDatabaseConnectionUrl" />
		<property name="username" ref="stackConfiguration.repositoryDatabaseUsername" />
		<property name="password" ref="stackConfiguration.repositoryDatabasePassword" />
		<property name="minIdle" ref="stackConfiguration.databaseConnectionPoolMinNumberConnections" />
		<property name="maxIdle" ref="stackConfiguration.databaseConnectionPoolMaxNumberConnections"/>
		<property name="maxTotal" value="-1"/>
		<property name="testOnBorrow" ref="stackConfiguration.databaseConnectionPoolShouldValidate"/>
		<property name="validationQuery" ref="stackConfiguration.databaseConnectionPoolValidateSql"/>
		<property name="defaultTransactionIsolation" value="#{ T(java.sql.Connection).TRANSACTION_READ_COMMITTED}"/>
	</bean>
	
	<bean id="transactionManager" class="org.springframework.jdbc.datasource.DataSourceTransactionManager">
		<constructor-arg ref="dataSourcePool"></constructor-arg>
	</bean>
	
	<bean id="semaphore" class="org.sagebionetworks.database.semaphore.CountingSemaphoreImpl">
		<constructor-arg ref="dataSourcePool"></constructor-arg>
	</bean>
	
</beans>