<?xml version="1.0" encoding="UTF-8"?>
<beans xmlns="http://www.springframework.org/schema/beans"
	xmlns:aop="http://www.springframework.org/schema/aop"
	xmlns:tx="http://www.springframework.org/schema/tx"
	xmlns:util="http://www.springframework.org/schema/util"
	xmlns:xsi="http://www.w3.org/2001/XMLSchema-instance"
	xsi:schemaLocation="
		http://www.springframework.org/schema/beans http://www.springframework.org/schema/beans/spring-beans-3.0.xsd
		http://www.springframework.org/schema/aop http://www.springframework.org/schema/aop/spring-aop-3.0.xsd
		http://www.springframework.org/schema/tx http://www.springframework.org/schema/tx/spring-tx-3.0.xsd
		http://www.springframework.org/schema/util http://www.springframework.org/schema/util/spring-util.xsd">

	<aop:aspectj-autoproxy />

	<import resource="classpath:managers-spb.xml" />
	<import resource="classpath:dynamo-spb.xml" />

	<bean id="userDAO" class="org.sagebionetworks.repo.manager.TestUserDAO" scope="singleton" />

	<bean id="testUserProvider" class="org.sagebionetworks.repo.web.util.UserProviderImpl" scope="singleton" />

</beans>
